{"obj": {"type": "AssignString", "path": ["sys", "name"], "value": "Untitled"}, "version": 1}
{"obj": {"type": "AssignString", "path": ["sys", "description"], "value": ""}, "version": 2}
{"obj": {"type": "AssignString", "path": ["sys", "hostname"], "value": "acsyswvd02-18"}, "version": 3}
{"obj": {"type": "AssignBool", "path": ["sys", "failed"], "value": false}, "version": 4}
{"obj": {"type": "ClearStringLog", "path": ["monitoring", "stdout"]}, "version": 5}
{"obj": {"type": "ClearStringLog", "path": ["monitoring", "stderr"]}, "version": 6}
{"obj": {"type": "AssignString", "path": ["source_code", "entrypoint"], "value": "V5.py"}, "version": 7}
{"obj": {"type": "UploadFileSet", "path": ["source_code", "files"], "file_globs": ["C:\\Users\\suprabhashsahu\\Desktop\\StrategyResearch\\RL\\V5.py"], "reset": "False"}, "version": 8}
{"obj": {"type": "LogStrings", "path": ["monitoring", "stderr"], "values": [{"value": "Info (NVML): NVML Shared Library Not Found. GPU usage metrics may not be reported. For more information, see https://docs.neptune.ai/you-should-know/what-can-you-log-and-display#hardware-consumption\n", "step": null, "ts": 1652962621.9805655}]}, "version": 9}
{"obj": {"type": "ConfigFloatSeries", "path": ["monitoring", "cpu"], "min": 0.0, "max": 100.0, "unit": "%"}, "version": 10}
{"obj": {"type": "ClearFloatLog", "path": ["monitoring", "cpu"]}, "version": 11}
{"obj": {"type": "ConfigFloatSeries", "path": ["monitoring", "memory"], "min": 0.0, "max": 31.999561309814453, "unit": "GB"}, "version": 12}
{"obj": {"type": "ClearFloatLog", "path": ["monitoring", "memory"]}, "version": 13}
{"obj": {"type": "LogFloats", "path": ["monitoring", "cpu"], "values": [{"value": 7.0, "step": null, "ts": 1652962621.9805655}]}, "version": 14}
{"obj": {"type": "LogFloats", "path": ["monitoring", "memory"], "values": [{"value": 15.379592895507812, "step": null, "ts": 1652962621.9805655}]}, "version": 15}
{"obj": {"type": "AssignString", "path": ["source_code", "integrations", "neptune-optuna"], "value": "0.9.14"}, "version": 16}
{"obj": {"type": "LogStrings", "path": ["monitoring", "traceback"], "values": [{"value": "An uncaught exception occurred while run was active on worker acsyswvd02-18.", "step": null, "ts": 1652962622.6952224}, {"value": "Marking run as failed", "step": null, "ts": 1652962622.6952224}, {"value": "Traceback:", "step": null, "ts": 1652962622.6952224}, {"value": "  File \"C:\\Users\\suprabhashsahu\\Desktop\\StrategyResearch\\RL\\V5.py\", line 381, in <module>\n    tuned_params = hyperparametric_tuning_optuna(run)\n", "step": null, "ts": 1652962622.6952224}, {"value": "  File \"C:\\Users\\suprabhashsahu\\Desktop\\StrategyResearch\\RL\\V5.py\", line 335, in hyperparametric_tuning_optuna\n    study.optimize(objective, n_trials=2, callbacks=[neptune_callback])\n", "step": null, "ts": 1652962622.6952224}, {"value": "  File \"C:\\Users\\suprabhashsahu\\Desktop\\StrategyResearch\\venv\\lib\\site-packages\\optuna\\study\\study.py\", line 400, in optimize\n    _optimize(\n", "step": null, "ts": 1652962622.6952224}, {"value": "  File \"C:\\Users\\suprabhashsahu\\Desktop\\StrategyResearch\\venv\\lib\\site-packages\\optuna\\study\\_optimize.py\", line 66, in _optimize\n    _optimize_sequential(\n", "step": null, "ts": 1652962622.6952224}, {"value": "  File \"C:\\Users\\suprabhashsahu\\Desktop\\StrategyResearch\\venv\\lib\\site-packages\\optuna\\study\\_optimize.py\", line 163, in _optimize_sequential\n    trial = _run_trial(study, func, catch)\n", "step": null, "ts": 1652962622.6952224}, {"value": "  File \"C:\\Users\\suprabhashsahu\\Desktop\\StrategyResearch\\venv\\lib\\site-packages\\optuna\\study\\_optimize.py\", line 264, in _run_trial\n    raise func_err\n", "step": null, "ts": 1652962622.6952224}, {"value": "  File \"C:\\Users\\suprabhashsahu\\Desktop\\StrategyResearch\\venv\\lib\\site-packages\\optuna\\study\\_optimize.py\", line 213, in _run_trial\n    value_or_values = func(trial)\n", "step": null, "ts": 1652962622.6952224}]}, "version": 17}
{"obj": {"type": "LogStrings", "path": ["monitoring", "traceback"], "values": [{"value": "  File \"C:\\Users\\suprabhashsahu\\Desktop\\StrategyResearch\\RL\\V5.py\", line 323, in objective\n    df = add_features(df, features, state_lookback, 0.6)\n", "step": null, "ts": 1652962622.6952224}, {"value": "  File \"C:\\Users\\suprabhashsahu\\Desktop\\StrategyResearch\\RL\\V5.py\", line 107, in add_features\n    for i in range(1, state_lookback):\n", "step": null, "ts": 1652962622.6952224}, {"value": "'float' object cannot be interpreted as an integer", "step": null, "ts": 1652962622.6952224}]}, "version": 18}
{"obj": {"type": "AssignBool", "path": ["sys", "failed"], "value": true}, "version": 19}
{"obj": {"type": "LogStrings", "path": ["monitoring", "stderr"], "values": [{"value": "Traceback (most recent call last):\n", "step": null, "ts": 1652962622.6952224}]}, "version": 20}
{"obj": {"type": "LogStrings", "path": ["monitoring", "stderr"], "values": [{"value": "  File \"C:\\Users\\suprabhashsahu\\Desktop\\StrategyResearch\\RL\\V5.py\", line 381, in <module>\n", "step": null, "ts": 1652962622.6952224}]}, "version": 21}
{"obj": {"type": "LogStrings", "path": ["monitoring", "stderr"], "values": [{"value": "    ", "step": null, "ts": 1652962622.6952224}]}, "version": 22}
{"obj": {"type": "LogStrings", "path": ["monitoring", "stderr"], "values": [{"value": "tuned_params = hyperparametric_tuning_optuna(run)", "step": null, "ts": 1652962622.6952224}]}, "version": 23}
{"obj": {"type": "LogStrings", "path": ["monitoring", "stderr"], "values": [{"value": "\n", "step": null, "ts": 1652962622.6952224}]}, "version": 24}
{"obj": {"type": "LogStrings", "path": ["monitoring", "stderr"], "values": [{"value": "  File \"C:\\Users\\suprabhashsahu\\Desktop\\StrategyResearch\\RL\\V5.py\", line 335, in hyperparametric_tuning_optuna\n", "step": null, "ts": 1652962622.6952224}]}, "version": 25}
{"obj": {"type": "LogStrings", "path": ["monitoring", "stderr"], "values": [{"value": "    ", "step": null, "ts": 1652962622.6952224}]}, "version": 26}
{"obj": {"type": "LogStrings", "path": ["monitoring", "stderr"], "values": [{"value": "study.optimize(objective, n_trials=2, callbacks=[neptune_callback])", "step": null, "ts": 1652962622.6952224}]}, "version": 27}
{"obj": {"type": "LogStrings", "path": ["monitoring", "stderr"], "values": [{"value": "\n", "step": null, "ts": 1652962622.6952224}]}, "version": 28}
{"obj": {"type": "LogStrings", "path": ["monitoring", "stderr"], "values": [{"value": "  File \"C:\\Users\\suprabhashsahu\\Desktop\\StrategyResearch\\venv\\lib\\site-packages\\optuna\\study\\study.py\", line 400, in optimize\n", "step": null, "ts": 1652962622.6952224}]}, "version": 29}
{"obj": {"type": "LogStrings", "path": ["monitoring", "stderr"], "values": [{"value": "    ", "step": null, "ts": 1652962622.7002223}]}, "version": 30}
{"obj": {"type": "LogStrings", "path": ["monitoring", "stderr"], "values": [{"value": "_optimize(", "step": null, "ts": 1652962622.7002223}]}, "version": 31}
{"obj": {"type": "LogStrings", "path": ["monitoring", "stderr"], "values": [{"value": "\n", "step": null, "ts": 1652962622.7002223}]}, "version": 32}
{"obj": {"type": "LogStrings", "path": ["monitoring", "stderr"], "values": [{"value": "  File \"C:\\Users\\suprabhashsahu\\Desktop\\StrategyResearch\\venv\\lib\\site-packages\\optuna\\study\\_optimize.py\", line 66, in _optimize\n", "step": null, "ts": 1652962622.7002223}]}, "version": 33}
{"obj": {"type": "LogStrings", "path": ["monitoring", "stderr"], "values": [{"value": "    ", "step": null, "ts": 1652962622.7002223}]}, "version": 34}
{"obj": {"type": "LogStrings", "path": ["monitoring", "stderr"], "values": [{"value": "_optimize_sequential(", "step": null, "ts": 1652962622.7002223}]}, "version": 35}
{"obj": {"type": "LogStrings", "path": ["monitoring", "stderr"], "values": [{"value": "\n", "step": null, "ts": 1652962622.7002223}]}, "version": 36}
{"obj": {"type": "LogStrings", "path": ["monitoring", "stderr"], "values": [{"value": "  File \"C:\\Users\\suprabhashsahu\\Desktop\\StrategyResearch\\venv\\lib\\site-packages\\optuna\\study\\_optimize.py\", line 163, in _optimize_sequential\n", "step": null, "ts": 1652962622.7002223}]}, "version": 37}
{"obj": {"type": "LogStrings", "path": ["monitoring", "stderr"], "values": [{"value": "    ", "step": null, "ts": 1652962622.7002223}]}, "version": 38}
{"obj": {"type": "LogStrings", "path": ["monitoring", "stderr"], "values": [{"value": "trial = _run_trial(study, func, catch)", "step": null, "ts": 1652962622.7002223}]}, "version": 39}
{"obj": {"type": "LogStrings", "path": ["monitoring", "stderr"], "values": [{"value": "\n", "step": null, "ts": 1652962622.7002223}]}, "version": 40}
{"obj": {"type": "LogStrings", "path": ["monitoring", "stderr"], "values": [{"value": "  File \"C:\\Users\\suprabhashsahu\\Desktop\\StrategyResearch\\venv\\lib\\site-packages\\optuna\\study\\_optimize.py\", line 264, in _run_trial\n", "step": null, "ts": 1652962622.7002223}]}, "version": 41}
{"obj": {"type": "LogStrings", "path": ["monitoring", "stderr"], "values": [{"value": "    ", "step": null, "ts": 1652962622.7002223}]}, "version": 42}
{"obj": {"type": "LogStrings", "path": ["monitoring", "stderr"], "values": [{"value": "raise func_err", "step": null, "ts": 1652962622.7002223}]}, "version": 43}
{"obj": {"type": "LogStrings", "path": ["monitoring", "stderr"], "values": [{"value": "\n", "step": null, "ts": 1652962622.7002223}]}, "version": 44}
{"obj": {"type": "LogStrings", "path": ["monitoring", "stderr"], "values": [{"value": "  File \"C:\\Users\\suprabhashsahu\\Desktop\\StrategyResearch\\venv\\lib\\site-packages\\optuna\\study\\_optimize.py\", line 213, in _run_trial\n", "step": null, "ts": 1652962622.7002223}]}, "version": 45}
{"obj": {"type": "LogStrings", "path": ["monitoring", "stderr"], "values": [{"value": "    ", "step": null, "ts": 1652962622.7002223}]}, "version": 46}
{"obj": {"type": "LogStrings", "path": ["monitoring", "stderr"], "values": [{"value": "value_or_values = func(trial)", "step": null, "ts": 1652962622.7002223}]}, "version": 47}
{"obj": {"type": "LogStrings", "path": ["monitoring", "stderr"], "values": [{"value": "\n", "step": null, "ts": 1652962622.7002223}]}, "version": 48}
{"obj": {"type": "LogStrings", "path": ["monitoring", "stderr"], "values": [{"value": "  File \"C:\\Users\\suprabhashsahu\\Desktop\\StrategyResearch\\RL\\V5.py\", line 323, in objective\n", "step": null, "ts": 1652962622.7002223}]}, "version": 49}
{"obj": {"type": "LogStrings", "path": ["monitoring", "stderr"], "values": [{"value": "    ", "step": null, "ts": 1652962622.7002223}]}, "version": 50}
{"obj": {"type": "LogStrings", "path": ["monitoring", "stderr"], "values": [{"value": "df = add_features(df, features, state_lookback, 0.6)", "step": null, "ts": 1652962622.7002223}]}, "version": 51}
{"obj": {"type": "LogStrings", "path": ["monitoring", "stderr"], "values": [{"value": "\n", "step": null, "ts": 1652962622.7002223}]}, "version": 52}
{"obj": {"type": "LogStrings", "path": ["monitoring", "stderr"], "values": [{"value": "  File \"C:\\Users\\suprabhashsahu\\Desktop\\StrategyResearch\\RL\\V5.py\", line 107, in add_features\n", "step": null, "ts": 1652962622.7002223}]}, "version": 53}
{"obj": {"type": "LogStrings", "path": ["monitoring", "stderr"], "values": [{"value": "    ", "step": null, "ts": 1652962622.7002223}]}, "version": 54}
{"obj": {"type": "LogStrings", "path": ["monitoring", "stderr"], "values": [{"value": "for i in range(1, state_lookback):", "step": null, "ts": 1652962622.7002223}]}, "version": 55}
{"obj": {"type": "LogStrings", "path": ["monitoring", "stderr"], "values": [{"value": "\n", "step": null, "ts": 1652962622.7002223}]}, "version": 56}
{"obj": {"type": "LogStrings", "path": ["monitoring", "stderr"], "values": [{"value": "TypeError", "step": null, "ts": 1652962622.7002223}]}, "version": 57}
{"obj": {"type": "LogStrings", "path": ["monitoring", "stderr"], "values": [{"value": ": ", "step": null, "ts": 1652962622.7002223}]}, "version": 58}
{"obj": {"type": "LogStrings", "path": ["monitoring", "stderr"], "values": [{"value": "'float' object cannot be interpreted as an integer", "step": null, "ts": 1652962622.7002223}]}, "version": 59}
{"obj": {"type": "LogStrings", "path": ["monitoring", "stderr"], "values": [{"value": "\n", "step": null, "ts": 1652962622.7002223}]}, "version": 60}
{"obj": {"type": "LogStrings", "path": ["monitoring", "stdout"], "values": [{"value": "", "step": null, "ts": 1652962622.7002223}]}, "version": 61}
{"obj": {"type": "LogStrings", "path": ["monitoring", "stdout"], "values": [{"value": "Shutting down background jobs, please wait a moment...\n", "step": null, "ts": 1652962622.7002223}]}, "version": 62}
