{"obj": {"type": "AssignString", "path": ["sys", "name"], "value": "Untitled"}, "version": 1}
{"obj": {"type": "AssignString", "path": ["sys", "description"], "value": ""}, "version": 2}
{"obj": {"type": "AssignString", "path": ["sys", "hostname"], "value": "acsyswvd02-18"}, "version": 3}
{"obj": {"type": "AssignBool", "path": ["sys", "failed"], "value": false}, "version": 4}
{"obj": {"type": "ClearStringLog", "path": ["monitoring", "stdout"]}, "version": 5}
{"obj": {"type": "ClearStringLog", "path": ["monitoring", "stderr"]}, "version": 6}
{"obj": {"type": "AssignString", "path": ["source_code", "entrypoint"], "value": "Test4.py"}, "version": 7}
{"obj": {"type": "UploadFileSet", "path": ["source_code", "files"], "file_globs": ["C:\\Users\\suprabhashsahu\\Desktop\\StrategyResearch\\RL\\ExperimentTracking\\Test4.py"], "reset": "False"}, "version": 8}
{"obj": {"type": "LogStrings", "path": ["monitoring", "stderr"], "values": [{"value": "Info (NVML): NVML Shared Library Not Found. GPU usage metrics may not be reported. For more information, see https://docs.neptune.ai/you-should-know/what-can-you-log-and-display#hardware-consumption\n", "step": null, "ts": 1649757648.4947715}]}, "version": 9}
{"obj": {"type": "ConfigFloatSeries", "path": ["monitoring", "cpu"], "min": 0.0, "max": 100.0, "unit": "%"}, "version": 10}
{"obj": {"type": "ClearFloatLog", "path": ["monitoring", "cpu"]}, "version": 11}
{"obj": {"type": "ConfigFloatSeries", "path": ["monitoring", "memory"], "min": 0.0, "max": 31.999561309814453, "unit": "GB"}, "version": 12}
{"obj": {"type": "ClearFloatLog", "path": ["monitoring", "memory"]}, "version": 13}
{"obj": {"type": "LogFloats", "path": ["monitoring", "cpu"], "values": [{"value": 17.1, "step": null, "ts": 1649757648.4977708}]}, "version": 14}
{"obj": {"type": "LogFloats", "path": ["monitoring", "memory"], "values": [{"value": 13.530109405517578, "step": null, "ts": 1649757648.4977708}]}, "version": 15}
{"obj": {"type": "LogStrings", "path": ["monitoring", "traceback"], "values": [{"value": "An uncaught exception occurred while run was active on worker acsyswvd02-18.", "step": null, "ts": 1649757648.504771}, {"value": "Marking run as failed", "step": null, "ts": 1649757648.504771}, {"value": "Traceback:", "step": null, "ts": 1649757648.504771}, {"value": "  File \"C:\\Users\\suprabhashsahu\\Desktop\\StrategyResearch\\RL\\ExperimentTracking\\Test4.py\", line 10, in <module>\n    neptune.create_experiment('step-by-step-guide')\n", "step": null, "ts": 1649757648.504771}, {"value": "  File \"C:\\Users\\suprabhashsahu\\Desktop\\StrategyResearch\\venv\\lib\\site-packages\\neptune\\new\\__init__.py\", line 51, in _raise_legacy_client_expected\n    raise NeptunePossibleLegacyUsageException()\n", "step": null, "ts": 1649757648.504771}, {"value": "", "step": null, "ts": 1649757648.504771}, {"value": "", "step": null, "ts": 1649757648.504771}, {"value": "----NeptunePossibleLegacyUsageException----------------------------------------------------------------", "step": null, "ts": 1649757648.504771}, {"value": "", "step": null, "ts": 1649757648.504771}, {"value": "It seems you are trying to use legacy API, but imported the new one.", "step": null, "ts": 1649757648.504771}]}, "version": 16}
{"obj": {"type": "LogStrings", "path": ["monitoring", "traceback"], "values": [{"value": "", "step": null, "ts": 1649757648.504771}, {"value": "Simply update your import statement to:", "step": null, "ts": 1649757648.504771}, {"value": "    import neptune", "step": null, "ts": 1649757648.504771}, {"value": "", "step": null, "ts": 1649757648.504771}, {"value": "You may want to check the Legacy API docs:", "step": null, "ts": 1649757648.504771}, {"value": "    - https://docs-legacy.neptune.ai", "step": null, "ts": 1649757648.504771}, {"value": "", "step": null, "ts": 1649757648.504771}, {"value": "If you want to update your code with the new API we prepared a handy migration guide:", "step": null, "ts": 1649757648.504771}, {"value": "    - https://docs.neptune.ai/migration-guide", "step": null, "ts": 1649757648.504771}, {"value": "", "step": null, "ts": 1649757648.504771}]}, "version": 17}
{"obj": {"type": "LogStrings", "path": ["monitoring", "traceback"], "values": [{"value": "You can read more about neptune.new in the release blog post:", "step": null, "ts": 1649757648.504771}, {"value": "    - https://neptune.ai/blog/neptune-new", "step": null, "ts": 1649757648.504771}, {"value": "", "step": null, "ts": 1649757648.504771}, {"value": "You may also want to check the following docs pages:", "step": null, "ts": 1649757648.504771}, {"value": "    - https://docs-legacy.neptune.ai/getting-started/integrate-neptune-into-your-codebase.html", "step": null, "ts": 1649757648.504771}, {"value": "", "step": null, "ts": 1649757648.504771}, {"value": "Need help?-> https://docs.neptune.ai/getting-started/getting-help", "step": null, "ts": 1649757648.504771}, {"value": "", "step": null, "ts": 1649757648.504771}]}, "version": 18}
{"obj": {"type": "AssignBool", "path": ["sys", "failed"], "value": true}, "version": 19}
{"obj": {"type": "LogStrings", "path": ["monitoring", "stderr"], "values": [{"value": "Traceback (most recent call last):\n", "step": null, "ts": 1649757648.504771}]}, "version": 20}
{"obj": {"type": "LogStrings", "path": ["monitoring", "stderr"], "values": [{"value": "  File \"C:\\Users\\suprabhashsahu\\Desktop\\StrategyResearch\\RL\\ExperimentTracking\\Test4.py\", line 10, in <module>\n", "step": null, "ts": 1649757648.504771}]}, "version": 21}
{"obj": {"type": "LogStrings", "path": ["monitoring", "stderr"], "values": [{"value": "    ", "step": null, "ts": 1649757648.5057707}]}, "version": 22}
{"obj": {"type": "LogStrings", "path": ["monitoring", "stderr"], "values": [{"value": "neptune.create_experiment('step-by-step-guide')", "step": null, "ts": 1649757648.5057707}]}, "version": 23}
{"obj": {"type": "LogStrings", "path": ["monitoring", "stderr"], "values": [{"value": "\n", "step": null, "ts": 1649757648.5057707}]}, "version": 24}
{"obj": {"type": "LogStrings", "path": ["monitoring", "stderr"], "values": [{"value": "  File \"C:\\Users\\suprabhashsahu\\Desktop\\StrategyResearch\\venv\\lib\\site-packages\\neptune\\new\\__init__.py\", line 51, in _raise_legacy_client_expected\n", "step": null, "ts": 1649757648.5057707}]}, "version": 25}
{"obj": {"type": "LogStrings", "path": ["monitoring", "stderr"], "values": [{"value": "    ", "step": null, "ts": 1649757648.5057707}]}, "version": 26}
{"obj": {"type": "LogStrings", "path": ["monitoring", "stderr"], "values": [{"value": "raise NeptunePossibleLegacyUsageException()", "step": null, "ts": 1649757648.5057707}]}, "version": 27}
{"obj": {"type": "LogStrings", "path": ["monitoring", "stderr"], "values": [{"value": "\n", "step": null, "ts": 1649757648.5057707}]}, "version": 28}
{"obj": {"type": "LogStrings", "path": ["monitoring", "stderr"], "values": [{"value": "neptune.new.exceptions", "step": null, "ts": 1649757648.5057707}]}, "version": 29}
{"obj": {"type": "LogStrings", "path": ["monitoring", "stderr"], "values": [{"value": ".", "step": null, "ts": 1649757648.506773}]}, "version": 30}
{"obj": {"type": "LogStrings", "path": ["monitoring", "stderr"], "values": [{"value": "NeptunePossibleLegacyUsageException", "step": null, "ts": 1649757648.506773}]}, "version": 31}
{"obj": {"type": "LogStrings", "path": ["monitoring", "stderr"], "values": [{"value": ": ", "step": null, "ts": 1649757648.506773}]}, "version": 32}
{"obj": {"type": "LogStrings", "path": ["monitoring", "stderr"], "values": [{"value": "\n\n----NeptunePossibleLegacyUsageException----------------------------------------------------------------\n\nIt seems you are trying to use legacy API, but imported the new one.\n\nSimply update your import statement to:\n    import neptune\n\nYou may want to check the Legacy API docs:\n    - https://docs-legacy.neptune.ai\n\nIf you want to update your code with the new API we prepared a handy migration guide:\n    - https://docs.neptune.ai/migration-guide\n\nYou can read more about neptune.new in the release blog post:\n    - https://neptune.ai/blog/neptune-new\n\nYou may also want to check the following docs pages:\n    - https://docs-legacy.neptune.ai/getting-started/integrate-neptune-into-your-codebase.html\n\nNeed help?-> https://docs.neptune.ai/getting-started/getting-help\n", "step": null, "ts": 1649757648.506773}]}, "version": 33}
{"obj": {"type": "LogStrings", "path": ["monitoring", "stderr"], "values": [{"value": "\n", "step": null, "ts": 1649757648.506773}]}, "version": 34}
{"obj": {"type": "LogStrings", "path": ["monitoring", "stdout"], "values": [{"value": "", "step": null, "ts": 1649757648.506773}]}, "version": 35}
{"obj": {"type": "LogStrings", "path": ["monitoring", "stdout"], "values": [{"value": "Shutting down background jobs, please wait a moment...\n", "step": null, "ts": 1649757648.506773}]}, "version": 36}
