{"obj": {"type": "AssignString", "path": ["sys", "name"], "value": "Untitled"}, "version": 1}
{"obj": {"type": "AssignString", "path": ["sys", "description"], "value": ""}, "version": 2}
{"obj": {"type": "AssignString", "path": ["sys", "hostname"], "value": "acsyswvd02-18"}, "version": 3}
{"obj": {"type": "AssignBool", "path": ["sys", "failed"], "value": false}, "version": 4}
{"obj": {"type": "ClearStringLog", "path": ["monitoring", "stdout"]}, "version": 5}
{"obj": {"type": "ClearStringLog", "path": ["monitoring", "stderr"]}, "version": 6}
{"obj": {"type": "AssignString", "path": ["source_code", "entrypoint"], "value": "V5.py"}, "version": 7}
{"obj": {"type": "UploadFileSet", "path": ["source_code", "files"], "file_globs": ["C:\\Users\\suprabhashsahu\\Desktop\\StrategyResearch\\RL\\V5.py"], "reset": "False"}, "version": 8}
{"obj": {"type": "LogStrings", "path": ["monitoring", "stderr"], "values": [{"value": "Info (NVML): NVML Shared Library Not Found. GPU usage metrics may not be reported. For more information, see https://docs.neptune.ai/you-should-know/what-can-you-log-and-display#hardware-consumption\n", "step": null, "ts": 1652964955.8169925}]}, "version": 9}
{"obj": {"type": "ConfigFloatSeries", "path": ["monitoring", "cpu"], "min": 0.0, "max": 100.0, "unit": "%"}, "version": 10}
{"obj": {"type": "ClearFloatLog", "path": ["monitoring", "cpu"]}, "version": 11}
{"obj": {"type": "ConfigFloatSeries", "path": ["monitoring", "memory"], "min": 0.0, "max": 31.999561309814453, "unit": "GB"}, "version": 12}
{"obj": {"type": "ClearFloatLog", "path": ["monitoring", "memory"]}, "version": 13}
{"obj": {"type": "LogFloats", "path": ["monitoring", "cpu"], "values": [{"value": 8.2, "step": null, "ts": 1652964955.8219855}]}, "version": 14}
{"obj": {"type": "LogFloats", "path": ["monitoring", "memory"], "values": [{"value": 15.62026596069336, "step": null, "ts": 1652964955.8219855}]}, "version": 15}
{"obj": {"type": "LogStrings", "path": ["monitoring", "traceback"], "values": [{"value": "An uncaught exception occurred while run was active on worker acsyswvd02-18.", "step": null, "ts": 1652964956.475036}, {"value": "Marking run as failed", "step": null, "ts": 1652964956.475036}, {"value": "Traceback:", "step": null, "ts": 1652964956.475036}, {"value": "  File \"C:\\Users\\suprabhashsahu\\Desktop\\StrategyResearch\\RL\\V5.py\", line 438, in <module>\n    df = add_features(df, features, state_lookback, 0.8)\n", "step": null, "ts": 1652964956.475036}, {"value": "  File \"C:\\Users\\suprabhashsahu\\Desktop\\StrategyResearch\\RL\\V5.py\", line 107, in add_features\n    with open(f'NIFc1_non_absolute_percentage_of_poc_and_ohlc_avg_across_various_lookbacks_for_all_days.pkl','rb') as file:\n", "step": null, "ts": 1652964956.475036}, {"value": "[Errno 2] No such file or directory: 'NIFc1_non_absolute_percentage_of_poc_and_ohlc_avg_across_various_lookbacks_for_all_days.pkl'", "step": null, "ts": 1652964956.475036}]}, "version": 16}
{"obj": {"type": "AssignBool", "path": ["sys", "failed"], "value": true}, "version": 17}
{"obj": {"type": "LogStrings", "path": ["monitoring", "stderr"], "values": [{"value": "Traceback (most recent call last):\n", "step": null, "ts": 1652964956.475036}]}, "version": 18}
{"obj": {"type": "LogStrings", "path": ["monitoring", "stderr"], "values": [{"value": "  File \"C:\\Users\\suprabhashsahu\\Desktop\\StrategyResearch\\RL\\V5.py\", line 438, in <module>\n", "step": null, "ts": 1652964956.475036}]}, "version": 19}
{"obj": {"type": "LogStrings", "path": ["monitoring", "stderr"], "values": [{"value": "    ", "step": null, "ts": 1652964956.475036}]}, "version": 20}
{"obj": {"type": "LogStrings", "path": ["monitoring", "stderr"], "values": [{"value": "df = add_features(df, features, state_lookback, 0.8)", "step": null, "ts": 1652964956.475036}]}, "version": 21}
{"obj": {"type": "LogStrings", "path": ["monitoring", "stderr"], "values": [{"value": "\n", "step": null, "ts": 1652964956.475036}]}, "version": 22}
{"obj": {"type": "LogStrings", "path": ["monitoring", "stderr"], "values": [{"value": "  File \"C:\\Users\\suprabhashsahu\\Desktop\\StrategyResearch\\RL\\V5.py\", line 107, in add_features\n", "step": null, "ts": 1652964956.475036}]}, "version": 23}
{"obj": {"type": "LogStrings", "path": ["monitoring", "stderr"], "values": [{"value": "    ", "step": null, "ts": 1652964956.475036}]}, "version": 24}
{"obj": {"type": "LogStrings", "path": ["monitoring", "stderr"], "values": [{"value": "with open(f'NIFc1_non_absolute_percentage_of_poc_and_ohlc_avg_across_various_lookbacks_for_all_days.pkl','rb') as file:", "step": null, "ts": 1652964956.475036}]}, "version": 25}
{"obj": {"type": "LogStrings", "path": ["monitoring", "stderr"], "values": [{"value": "\n", "step": null, "ts": 1652964956.475036}]}, "version": 26}
{"obj": {"type": "LogStrings", "path": ["monitoring", "stderr"], "values": [{"value": "FileNotFoundError", "step": null, "ts": 1652964956.475036}]}, "version": 27}
{"obj": {"type": "LogStrings", "path": ["monitoring", "stderr"], "values": [{"value": ": ", "step": null, "ts": 1652964956.475036}]}, "version": 28}
{"obj": {"type": "LogStrings", "path": ["monitoring", "stderr"], "values": [{"value": "[Errno 2] No such file or directory: 'NIFc1_non_absolute_percentage_of_poc_and_ohlc_avg_across_various_lookbacks_for_all_days.pkl'", "step": null, "ts": 1652964956.475036}]}, "version": 29}
{"obj": {"type": "LogStrings", "path": ["monitoring", "stderr"], "values": [{"value": "\n", "step": null, "ts": 1652964956.475036}]}, "version": 30}
{"obj": {"type": "LogStrings", "path": ["monitoring", "stdout"], "values": [{"value": "", "step": null, "ts": 1652964956.475036}]}, "version": 31}
{"obj": {"type": "LogStrings", "path": ["monitoring", "stdout"], "values": [{"value": "Shutting down background jobs, please wait a moment...\n", "step": null, "ts": 1652964956.475036}]}, "version": 32}
