{"obj": {"type": "AssignString", "path": ["sys", "name"], "value": "Untitled"}, "version": 1}
{"obj": {"type": "AssignString", "path": ["sys", "description"], "value": ""}, "version": 2}
{"obj": {"type": "AssignString", "path": ["sys", "hostname"], "value": "acsyswvd02-18"}, "version": 3}
{"obj": {"type": "AssignBool", "path": ["sys", "failed"], "value": false}, "version": 4}
{"obj": {"type": "ClearStringLog", "path": ["monitoring", "stdout"]}, "version": 5}
{"obj": {"type": "ClearStringLog", "path": ["monitoring", "stderr"]}, "version": 6}
{"obj": {"type": "AssignString", "path": ["source_code", "entrypoint"], "value": "Test4.py"}, "version": 7}
{"obj": {"type": "UploadFileSet", "path": ["source_code", "files"], "file_globs": ["C:\\Users\\suprabhashsahu\\Desktop\\StrategyResearch\\RL\\ExperimentTracking\\Test4.py"], "reset": "False"}, "version": 8}
{"obj": {"type": "LogStrings", "path": ["monitoring", "stderr"], "values": [{"value": "Info (NVML): NVML Shared Library Not Found. GPU usage metrics may not be reported. For more information, see https://docs.neptune.ai/you-should-know/what-can-you-log-and-display#hardware-consumption\n", "step": null, "ts": 1649757127.0359435}]}, "version": 9}
{"obj": {"type": "ConfigFloatSeries", "path": ["monitoring", "cpu"], "min": 0.0, "max": 100.0, "unit": "%"}, "version": 10}
{"obj": {"type": "ClearFloatLog", "path": ["monitoring", "cpu"]}, "version": 11}
{"obj": {"type": "ConfigFloatSeries", "path": ["monitoring", "memory"], "min": 0.0, "max": 31.999561309814453, "unit": "GB"}, "version": 12}
{"obj": {"type": "ClearFloatLog", "path": ["monitoring", "memory"]}, "version": 13}
{"obj": {"type": "LogFloats", "path": ["monitoring", "cpu"], "values": [{"value": 14.0, "step": null, "ts": 1649757127.0369432}]}, "version": 14}
{"obj": {"type": "LogFloats", "path": ["monitoring", "memory"], "values": [{"value": 13.129268646240234, "step": null, "ts": 1649757127.0369432}]}, "version": 15}
{"obj": {"type": "AssignInt", "path": ["parameters", "n_estimators"], "value": 10}, "version": 16}
{"obj": {"type": "AssignInt", "path": ["parameters", "max_depth"], "value": 3}, "version": 17}
{"obj": {"type": "AssignInt", "path": ["parameters", "min_samples_leaf"], "value": 1}, "version": 18}
{"obj": {"type": "AssignInt", "path": ["parameters", "min_samples_split"], "value": 2}, "version": 19}
{"obj": {"type": "AssignInt", "path": ["parameters", "max_features"], "value": 3}, "version": 20}
{"obj": {"type": "LogStrings", "path": ["monitoring", "stdout"], "values": [{"value": "Train f1:1.0 | Test f1:0.9456349206349207", "step": null, "ts": 1649757127.0619433}]}, "version": 21}
{"obj": {"type": "LogStrings", "path": ["monitoring", "stdout"], "values": [{"value": "\n", "step": null, "ts": 1649757127.0619433}]}, "version": 22}
{"obj": {"type": "AssignFloat", "path": ["train", "f1"], "value": 1.0}, "version": 23}
{"obj": {"type": "AssignFloat", "path": ["test", "f1"], "value": 0.9456349206349207}, "version": 24}
{"obj": {"type": "AssignInt", "path": ["idk"], "value": 24}, "version": 25}
{"obj": {"type": "LogStrings", "path": ["monitoring", "stdout"], "values": [{"value": "", "step": null, "ts": 1649757127.0619433}]}, "version": 26}
{"obj": {"type": "LogStrings", "path": ["monitoring", "stdout"], "values": [{"value": "Shutting down background jobs, please wait a moment...\n", "step": null, "ts": 1649757127.0619433}]}, "version": 27}
